Build started 1/16/2015 2:16:26 AM.
     1>Project "C:\Users\Ray\Projects\GitHub\ProjectDayandNight\Codebase\NYUCodebase\NYUCodebase.vcxproj" on node 2 (Build target(s)).
     1>ClCompile:
         C:\Program Files (x86)\Microsoft Visual Studio 12.0\VC\bin\CL.exe /c /IC:\SDL2\include /IC:\SDL2_image\include /IC:\SDL2_mixer\include /ZI /nologo /W3 /WX- /sdl /Od /Oy- /D _MBCS /D _MBCS /Gm /EHsc /RTC1 /MDd /GS /fp:precise /Zc:wchar_t /Zc:forScope /Fo"Debug\\" /Fd"Debug\vc120.pdb" /Gd /TP /analyze- /errorReport:prompt main.cpp
         main.cpp
     1>c:\users\ray\projects\github\projectdayandnight\codebase\nyucodebase\main.cpp(5): warning C4244: 'initializing' : conversion from 'float' to 'int', possible loss of data
     1>c:\users\ray\projects\github\projectdayandnight\codebase\nyucodebase\player.h(60): warning C4244: 'initializing' : conversion from 'double' to 'float', possible loss of data
     1>c:\users\ray\projects\github\projectdayandnight\codebase\nyucodebase\player.h(71): warning C4244: 'argument' : conversion from 'int' to 'float', possible loss of data
     1>c:\users\ray\projects\github\projectdayandnight\codebase\nyucodebase\npc.h(64): warning C4305: 'initializing' : truncation from 'double' to 'float'
     1>c:\users\ray\projects\github\projectdayandnight\codebase\nyucodebase\npc.h(74): warning C4244: 'initializing' : conversion from 'double' to 'float', possible loss of data
     1>c:\users\ray\projects\github\projectdayandnight\codebase\nyucodebase\npc.h(86): warning C4244: 'argument' : conversion from 'int' to 'float', possible loss of data
     1>c:\users\ray\projects\github\projectdayandnight\codebase\nyucodebase\engine.h(55): warning C4018: '<' : signed/unsigned mismatch
     1>c:\users\ray\projects\github\projectdayandnight\codebase\nyucodebase\engine.h(62): warning C4018: '<' : signed/unsigned mismatch
     1>c:\users\ray\projects\github\projectdayandnight\codebase\nyucodebase\engine.h(131): warning C4244: '=' : conversion from 'int' to 'float', possible loss of data
     1>c:\users\ray\projects\github\projectdayandnight\codebase\nyucodebase\engine.h(145): warning C4244: '=' : conversion from 'int' to 'float', possible loss of data
     1>c:\users\ray\projects\github\projectdayandnight\codebase\nyucodebase\engine.h(159): warning C4244: '=' : conversion from 'int' to 'float', possible loss of data
     1>c:\users\ray\projects\github\projectdayandnight\codebase\nyucodebase\engine.h(173): warning C4244: '=' : conversion from 'int' to 'float', possible loss of data
     1>c:\users\ray\projects\github\projectdayandnight\codebase\nyucodebase\engine.h(180): warning C4018: '<' : signed/unsigned mismatch
     1>c:\users\ray\projects\github\projectdayandnight\codebase\nyucodebase\engine.h(185): warning C4018: '<' : signed/unsigned mismatch
     1>c:\users\ray\projects\github\projectdayandnight\codebase\nyucodebase\engine.h(187): warning C4018: '<' : signed/unsigned mismatch
     1>c:\users\ray\projects\github\projectdayandnight\codebase\nyucodebase\engine.h(195): warning C4018: '<' : signed/unsigned mismatch
     1>c:\users\ray\projects\github\projectdayandnight\codebase\nyucodebase\engine.h(228): warning C4244: 'initializing' : conversion from 'float' to 'int', possible loss of data
     1>c:\users\ray\projects\github\projectdayandnight\codebase\nyucodebase\engine.h(229): warning C4244: 'initializing' : conversion from 'float' to 'int', possible loss of data
     1>c:\users\ray\projects\github\projectdayandnight\codebase\nyucodebase\engine.h(238): warning C4018: '<' : signed/unsigned mismatch
     1>c:\users\ray\projects\github\projectdayandnight\codebase\nyucodebase\engine.h(271): warning C4244: '=' : conversion from 'int' to 'float', possible loss of data
     1>c:\users\ray\projects\github\projectdayandnight\codebase\nyucodebase\engine.h(272): warning C4244: '=' : conversion from 'int' to 'float', possible loss of data
     1>c:\users\ray\projects\github\projectdayandnight\codebase\nyucodebase\engine.h(283): warning C4244: 'initializing' : conversion from 'float' to 'int', possible loss of data
     1>c:\users\ray\projects\github\projectdayandnight\codebase\nyucodebase\engine.h(284): warning C4244: 'initializing' : conversion from 'float' to 'int', possible loss of data
     1>c:\users\ray\projects\github\projectdayandnight\codebase\nyucodebase\main.cpp(114): warning C4244: 'argument' : conversion from 'time_t' to 'unsigned int', possible loss of data
       Link:
         C:\Program Files (x86)\Microsoft Visual Studio 12.0\VC\bin\link.exe /ERRORREPORT:PROMPT /OUT:"C:\Users\Ray\Projects\GitHub\ProjectDayandNight\Codebase\Debug\NYUCodebase.exe" /INCREMENTAL /NOLOGO /LIBPATH:C:\SDL2_mixer\lib\x86 /LIBPATH:C:\SDL2\lib\x86 /LIBPATH:C:\SDL2_image\lib\x86 SDL2.lib SDL2main.lib SDL2_image.lib OpenGL32.lib SDL2_mixer.lib /MANIFEST /MANIFESTUAC:"level='asInvoker' uiAccess='false'" /manifest:embed /DEBUG /PDB:"C:\Users\Ray\Projects\GitHub\ProjectDayandNight\Codebase\Debug\NYUCodebase.pdb" /SUBSYSTEM:WINDOWS /TLBID:1 /DYNAMICBASE /NXCOMPAT /IMPLIB:"C:\Users\Ray\Projects\GitHub\ProjectDayandNight\Codebase\Debug\NYUCodebase.lib" /MACHINE:X86 Debug\main.obj
         LINK : C:\Users\Ray\Projects\GitHub\ProjectDayandNight\Codebase\Debug\NYUCodebase.exe not found or not built by the last incremental link; performing full link
     1>MSVCRTD.lib(cinitexe.obj) : warning LNK4098: defaultlib 'msvcrt.lib' conflicts with use of other libs; use /NODEFAULTLIB:library
         NYUCodebase.vcxproj -> C:\Users\Ray\Projects\GitHub\ProjectDayandNight\Codebase\Debug\NYUCodebase.exe
     1>Done Building Project "C:\Users\Ray\Projects\GitHub\ProjectDayandNight\Codebase\NYUCodebase\NYUCodebase.vcxproj" (Build target(s)).

Build succeeded.

Time Elapsed 00:00:36.96
